0 info it worked if it ends with ok
1 verbose cli [ 'C:\\Program Files\\nodejs\\node.exe',
1 verbose cli   'C:\\Users\\Administrator\\AppData\\Roaming\\npm\\node_modules\\npm\\bin\\npm-cli.js',
1 verbose cli   'run',
1 verbose cli   'test_cov' ]
2 info using npm@2.1.10
3 info using node@v5.7.0
4 verbose stack Error: missing script: test_cov
4 verbose stack     at run (C:\Users\Administrator\AppData\Roaming\npm\node_modules\npm\lib\run-script.js:130:19)
4 verbose stack     at C:\Users\Administrator\AppData\Roaming\npm\node_modules\npm\lib\run-script.js:81:5
4 verbose stack     at C:\Users\Administrator\AppData\Roaming\npm\node_modules\npm\node_modules\read-package-json\read-json.js:51:40
4 verbose stack     at final (C:\Users\Administrator\AppData\Roaming\npm\node_modules\npm\node_modules\read-package-json\read-json.js:349:17)
4 verbose stack     at then (C:\Users\Administrator\AppData\Roaming\npm\node_modules\npm\node_modules\read-package-json\read-json.js:126:33)
4 verbose stack     at C:\Users\Administrator\AppData\Roaming\npm\node_modules\npm\node_modules\read-package-json\read-json.js:331:40
4 verbose stack     at tryToString (evalmachine.<anonymous>:414:3)
4 verbose stack     at FSReqWrap.readFileAfterClose [as oncomplete] (evalmachine.<anonymous>:401:12)
5 verbose cwd C:\Downloads\WORK\20160219\My_Package\UNPACKED\nice_alg
6 error Windows_NT 6.1.7601
7 error argv "C:\\Program Files\\nodejs\\node.exe" "C:\\Users\\Administrator\\AppData\\Roaming\\npm\\node_modules\\npm\\bin\\npm-cli.js" "run" "test_cov"
8 error node v5.7.0
9 error npm  v2.1.10
10 error missing script: test_cov
11 error If you need help, you may report this error at:
11 error     <http://github.com/npm/npm/issues>
12 verbose exit [ 1, true ]
